AgendamentoFirebaseCompleto/app/build/intermediates/manifest_merge_blame_file/debug/manifest-merger-blame-debug-report.txt
1<?xml version="1.0" encoding="utf-8"?>
2<manifest xmlns:android="http://schemas.android.com/apk/res/android"
3    package="com.example.agendamento"
4    android:versionCode="1"
5    android:versionName="1.0" >
6
7    <uses-sdk
8        android:minSdkVersion="24"
9        android:targetSdkVersion="34" />
10
11    <uses-permission android:name="android.permission.INTERNET" />
11-->[com.google.firebase:firebase-auth:22.3.1] AndroidManifest.xml:25:5-67
11-->[com.google.firebase:firebase-auth:22.3.1] AndroidManifest.xml:25:22-64
12    <uses-permission android:name="android.permission.ACCESS_NETWORK_STATE" />
12-->[com.google.firebase:firebase-auth:22.3.1] AndroidManifest.xml:26:5-79
12-->[com.google.firebase:firebase-auth:22.3.1] AndroidManifest.xml:26:22-76
13    <uses-permission android:name="com.google.android.providers.gsf.permission.READ_GSERVICES" />
13-->[com.google.android.recaptcha:recaptcha:18.4.0] AndroidManifest.xml:9:5-98
13-->[com.google.android.recaptcha:recaptcha:18.4.0] AndroidManifest.xml:9:22-95
14
15    <permission
15-->[androidx.core:core:1.12.0] AndroidManifest.xml:22:5-24:47
16        android:name="com.example.agendamento.DYNAMIC_RECEIVER_NOT_EXPORTED_PERMISSION"
16-->[androidx.core:core:1.12.0] AndroidManifest.xml:23:9-81
17        android:protectionLevel="signature" />
17-->[androidx.core:core:1.12.0] AndroidManifest.xml:24:9-44
18
19    <uses-permission android:name="com.example.agendamento.DYNAMIC_RECEIVER_NOT_EXPORTED_PERMISSION" />
19-->[androidx.core:core:1.12.0] AndroidManifest.xml:26:5-97
19-->[androidx.core:core:1.12.0] AndroidManifest.xml:26:22-94
20
21    <application
21-->src\main\AndroidManifest.xml:5:5-21:19
22        android:name="com.example.agendamento.App"
22-->src\main\AndroidManifest.xml:6:9-28
23        android:allowBackup="true"
23-->src\main\AndroidManifest.xml:7:9-35
24        android:appComponentFactory="androidx.core.app.CoreComponentFactory"
24-->[androidx.core:core:1.12.0] AndroidManifest.xml:28:18-86
25        android:debuggable="true"
26        android:extractNativeLibs="false"
27        android:icon="@android:drawable/sym_def_app_icon"
27-->src\main\AndroidManifest.xml:8:9-58
28        android:label="@string/app_name"
28-->src\main\AndroidManifest.xml:9:9-41
29        android:roundIcon="@android:drawable/sym_def_app_icon"
29-->src\main\AndroidManifest.xml:10:9-63
30        android:supportsRtl="true"
30-->src\main\AndroidManifest.xml:11:9-35
31        android:testOnly="true"
32        android:theme="@style/Theme.Agendamento" >
32-->src\main\AndroidManifest.xml:12:9-49
33        <activity
33-->src\main\AndroidManifest.xml:13:9-20:20
34            android:name="com.example.agendamento.MainActivity"
34-->src\main\AndroidManifest.xml:14:13-41
35            android:exported="true" >
35-->src\main\AndroidManifest.xml:15:13-36
36            <intent-filter>
36-->src\main\AndroidManifest.xml:16:13-19:29
37                <action android:name="android.intent.action.MAIN" />
37-->src\main\AndroidManifest.xml:17:17-69
37-->src\main\AndroidManifest.xml:17:25-66
38
39                <category android:name="android.intent.category.LAUNCHER" />
39-->src\main\AndroidManifest.xml:18:17-77
39-->src\main\AndroidManifest.xml:18:27-74
40            </intent-filter>
41        </activity>
42        <activity
42-->[androidx.compose.ui:ui-tooling-android:1.6.1] AndroidManifest.xml:23:9-25:39
43            android:name="androidx.compose.ui.tooling.PreviewActivity"
43-->[androidx.compose.ui:ui-tooling-android:1.6.1] AndroidManifest.xml:24:13-71
44            android:exported="true" />
44-->[androidx.compose.ui:ui-tooling-android:1.6.1] AndroidManifest.xml:25:13-36
45        <activity
45-->[androidx.compose.ui:ui-test-manifest:1.6.1] AndroidManifest.xml:23:9-25:39
46            android:name="androidx.activity.ComponentActivity"
46-->[androidx.compose.ui:ui-test-manifest:1.6.1] AndroidManifest.xml:24:13-63
47            android:exported="true" />
47-->[androidx.compose.ui:ui-test-manifest:1.6.1] AndroidManifest.xml:25:13-36
48
49        <service
49-->[com.google.firebase:firebase-auth-ktx:22.3.1] AndroidManifest.xml:8:9-14:19
50            android:name="com.google.firebase.components.ComponentDiscoveryService"
50-->[com.google.firebase:firebase-auth-ktx:22.3.1] AndroidManifest.xml:9:13-84
51            android:directBootAware="true"
51-->[com.google.firebase:firebase-common:20.4.2] AndroidManifest.xml:32:13-43
52            android:exported="false" >
52-->[com.google.firebase:firebase-auth-ktx:22.3.1] AndroidManifest.xml:10:13-37
53            <meta-data
53-->[com.google.firebase:firebase-auth-ktx:22.3.1] AndroidManifest.xml:11:13-13:85
54                android:name="com.google.firebase.components:com.google.firebase.auth.ktx.FirebaseAuthLegacyRegistrar"
54-->[com.google.firebase:firebase-auth-ktx:22.3.1] AndroidManifest.xml:12:17-119
55                android:value="com.google.firebase.components.ComponentRegistrar" />
55-->[com.google.firebase:firebase-auth-ktx:22.3.1] AndroidManifest.xml:13:17-82
56            <meta-data
56-->[com.google.firebase:firebase-auth:22.3.1] AndroidManifest.xml:69:13-71:85
57                android:name="com.google.firebase.components:com.google.firebase.auth.FirebaseAuthRegistrar"
57-->[com.google.firebase:firebase-auth:22.3.1] AndroidManifest.xml:70:17-109
58                android:value="com.google.firebase.components.ComponentRegistrar" />
58-->[com.google.firebase:firebase-auth:22.3.1] AndroidManifest.xml:71:17-82
59            <meta-data
59-->[com.google.firebase:firebase-firestore-ktx:24.10.2] AndroidManifest.xml:12:13-14:85
60                android:name="com.google.firebase.components:com.google.firebase.firestore.ktx.FirebaseFirestoreLegacyRegistrar"
60-->[com.google.firebase:firebase-firestore-ktx:24.10.2] AndroidManifest.xml:13:17-129
61                android:value="com.google.firebase.components.ComponentRegistrar" />
61-->[com.google.firebase:firebase-firestore-ktx:24.10.2] AndroidManifest.xml:14:17-82
62            <meta-data
62-->[com.google.firebase:firebase-firestore:24.10.2] AndroidManifest.xml:17:13-19:85
63                android:name="com.google.firebase.components:com.google.firebase.firestore.FirebaseFirestoreKtxRegistrar"
63-->[com.google.firebase:firebase-firestore:24.10.2] AndroidManifest.xml:18:17-122
64                android:value="com.google.firebase.components.ComponentRegistrar" />
64-->[com.google.firebase:firebase-firestore:24.10.2] AndroidManifest.xml:19:17-82
65            <meta-data
65-->[com.google.firebase:firebase-firestore:24.10.2] AndroidManifest.xml:20:13-22:85
66                android:name="com.google.firebase.components:com.google.firebase.firestore.FirestoreRegistrar"
66-->[com.google.firebase:firebase-firestore:24.10.2] AndroidManifest.xml:21:17-111
67                android:value="com.google.firebase.components.ComponentRegistrar" />
67-->[com.google.firebase:firebase-firestore:24.10.2] AndroidManifest.xml:22:17-82
68            <meta-data
68-->[com.google.firebase:firebase-common-ktx:20.4.2] AndroidManifest.xml:12:13-14:85
69                android:name="com.google.firebase.components:com.google.firebase.ktx.FirebaseCommonLegacyRegistrar"
69-->[com.google.firebase:firebase-common-ktx:20.4.2] AndroidManifest.xml:13:17-116
70                android:value="com.google.firebase.components.ComponentRegistrar" />
70-->[com.google.firebase:firebase-common-ktx:20.4.2] AndroidManifest.xml:14:17-82
71            <meta-data
71-->[com.google.firebase:firebase-common:20.4.2] AndroidManifest.xml:35:13-37:85
72                android:name="com.google.firebase.components:com.google.firebase.FirebaseCommonKtxRegistrar"
72-->[com.google.firebase:firebase-common:20.4.2] AndroidManifest.xml:36:17-109
73                android:value="com.google.firebase.components.ComponentRegistrar" />
73-->[com.google.firebase:firebase-common:20.4.2] AndroidManifest.xml:37:17-82
74        </service>
75
76        <activity
76-->[com.google.firebase:firebase-auth:22.3.1] AndroidManifest.xml:29:9-46:20
77            android:name="com.google.firebase.auth.internal.GenericIdpActivity"
77-->[com.google.firebase:firebase-auth:22.3.1] AndroidManifest.xml:30:13-80
78            android:excludeFromRecents="true"
78-->[com.google.firebase:firebase-auth:22.3.1] AndroidManifest.xml:31:13-46
79            android:exported="true"
79-->[com.google.firebase:firebase-auth:22.3.1] AndroidManifest.xml:32:13-36
80            android:launchMode="singleTask"
80-->[com.google.firebase:firebase-auth:22.3.1] AndroidManifest.xml:33:13-44
81            android:theme="@android:style/Theme.Translucent.NoTitleBar" >
81-->[com.google.firebase:firebase-auth:22.3.1] AndroidManifest.xml:34:13-72
82            <intent-filter>
82-->[com.google.firebase:firebase-auth:22.3.1] AndroidManifest.xml:35:13-45:29
83                <action android:name="android.intent.action.VIEW" />
83-->[com.google.firebase:firebase-auth:22.3.1] AndroidManifest.xml:36:17-69
83-->[com.google.firebase:firebase-auth:22.3.1] AndroidManifest.xml:36:25-66
84
85                <category android:name="android.intent.category.DEFAULT" />
85-->[com.google.firebase:firebase-auth:22.3.1] AndroidManifest.xml:38:17-76
85-->[com.google.firebase:firebase-auth:22.3.1] AndroidManifest.xml:38:27-73
86                <category android:name="android.intent.category.BROWSABLE" />
86-->[com.google.firebase:firebase-auth:22.3.1] AndroidManifest.xml:39:17-78
86-->[com.google.firebase:firebase-auth:22.3.1] AndroidManifest.xml:39:27-75
87
88                <data
88-->[com.google.firebase:firebase-auth:22.3.1] AndroidManifest.xml:41:17-44:51
89                    android:host="firebase.auth"
89-->[com.google.firebase:firebase-auth:22.3.1] AndroidManifest.xml:42:21-49
90                    android:path="/"
90-->[com.google.firebase:firebase-auth:22.3.1] AndroidManifest.xml:43:21-37
91                    android:scheme="genericidp" />
91-->[com.google.firebase:firebase-auth:22.3.1] AndroidManifest.xml:44:21-48
92            </intent-filter>
93        </activity>
94        <activity
94-->[com.google.firebase:firebase-auth:22.3.1] AndroidManifest.xml:47:9-64:20
95            android:name="com.google.firebase.auth.internal.RecaptchaActivity"
95-->[com.google.firebase:firebase-auth:22.3.1] AndroidManifest.xml:48:13-79
96            android:excludeFromRecents="true"
96-->[com.google.firebase:firebase-auth:22.3.1] AndroidManifest.xml:49:13-46
97            android:exported="true"
97-->[com.google.firebase:firebase-auth:22.3.1] AndroidManifest.xml:50:13-36
98            android:launchMode="singleTask"
98-->[com.google.firebase:firebase-auth:22.3.1] AndroidManifest.xml:51:13-44
99            android:theme="@android:style/Theme.Translucent.NoTitleBar" >
99-->[com.google.firebase:firebase-auth:22.3.1] AndroidManifest.xml:52:13-72
100            <intent-filter>
100-->[com.google.firebase:firebase-auth:22.3.1] AndroidManifest.xml:53:13-63:29
101                <action android:name="android.intent.action.VIEW" />
101-->[com.google.firebase:firebase-auth:22.3.1] AndroidManifest.xml:36:17-69
101-->[com.google.firebase:firebase-auth:22.3.1] AndroidManifest.xml:36:25-66
102
103                <category android:name="android.intent.category.DEFAULT" />
103-->[com.google.firebase:firebase-auth:22.3.1] AndroidManifest.xml:38:17-76
103-->[com.google.firebase:firebase-auth:22.3.1] AndroidManifest.xml:38:27-73
104                <category android:name="android.intent.category.BROWSABLE" />
104-->[com.google.firebase:firebase-auth:22.3.1] AndroidManifest.xml:39:17-78
104-->[com.google.firebase:firebase-auth:22.3.1] AndroidManifest.xml:39:27-75
105
106                <data
106-->[com.google.firebase:firebase-auth:22.3.1] AndroidManifest.xml:41:17-44:51
107                    android:host="firebase.auth"
107-->[com.google.firebase:firebase-auth:22.3.1] AndroidManifest.xml:42:21-49
108                    android:path="/"
108-->[com.google.firebase:firebase-auth:22.3.1] AndroidManifest.xml:43:21-37
109                    android:scheme="recaptcha" />
109-->[com.google.firebase:firebase-auth:22.3.1] AndroidManifest.xml:44:21-48
110            </intent-filter>
111        </activity>
112
113        <provider
113-->[com.google.firebase:firebase-common:20.4.2] AndroidManifest.xml:23:9-28:39
114            android:name="com.google.firebase.provider.FirebaseInitProvider"
114-->[com.google.firebase:firebase-common:20.4.2] AndroidManifest.xml:24:13-77
115            android:authorities="com.example.agendamento.firebaseinitprovider"
115-->[com.google.firebase:firebase-common:20.4.2] AndroidManifest.xml:25:13-72
116            android:directBootAware="true"
116-->[com.google.firebase:firebase-common:20.4.2] AndroidManifest.xml:26:13-43
117            android:exported="false"
117-->[com.google.firebase:firebase-common:20.4.2] AndroidManifest.xml:27:13-37
118            android:initOrder="100" />
118-->[com.google.firebase:firebase-common:20.4.2] AndroidManifest.xml:28:13-36
119        <provider
119-->[androidx.emoji2:emoji2:1.3.0] AndroidManifest.xml:24:9-32:20
120            android:name="androidx.startup.InitializationProvider"
120-->[androidx.emoji2:emoji2:1.3.0] AndroidManifest.xml:25:13-67
121            android:authorities="com.example.agendamento.androidx-startup"
121-->[androidx.emoji2:emoji2:1.3.0] AndroidManifest.xml:26:13-68
122            android:exported="false" >
122-->[androidx.emoji2:emoji2:1.3.0] AndroidManifest.xml:27:13-37
123            <meta-data
123-->[androidx.emoji2:emoji2:1.3.0] AndroidManifest.xml:29:13-31:52
124                android:name="androidx.emoji2.text.EmojiCompatInitializer"
124-->[androidx.emoji2:emoji2:1.3.0] AndroidManifest.xml:30:17-75
125                android:value="androidx.startup" />
125-->[androidx.emoji2:emoji2:1.3.0] AndroidManifest.xml:31:17-49
126            <meta-data
126-->[androidx.lifecycle:lifecycle-process:2.7.0] AndroidManifest.xml:29:13-31:52
127                android:name="androidx.lifecycle.ProcessLifecycleInitializer"
127-->[androidx.lifecycle:lifecycle-process:2.7.0] AndroidManifest.xml:30:17-78
128                android:value="androidx.startup" />
128-->[androidx.lifecycle:lifecycle-process:2.7.0] AndroidManifest.xml:31:17-49
129            <meta-data
129-->[androidx.profileinstaller:profileinstaller:1.3.0] AndroidManifest.xml:29:13-31:52
130                android:name="androidx.profileinstaller.ProfileInstallerInitializer"
130-->[androidx.profileinstaller:profileinstaller:1.3.0] AndroidManifest.xml:30:17-85
131                android:value="androidx.startup" />
131-->[androidx.profileinstaller:profileinstaller:1.3.0] AndroidManifest.xml:31:17-49
132        </provider>
133
134        <activity
134-->[com.google.android.gms:play-services-base:18.0.1] AndroidManifest.xml:20:9-22:45
135            android:name="com.google.android.gms.common.api.GoogleApiActivity"
135-->[com.google.android.gms:play-services-base:18.0.1] AndroidManifest.xml:20:19-85
136            android:exported="false"
136-->[com.google.android.gms:play-services-base:18.0.1] AndroidManifest.xml:22:19-43
137            android:theme="@android:style/Theme.Translucent.NoTitleBar" />
137-->[com.google.android.gms:play-services-base:18.0.1] AndroidManifest.xml:21:19-78
138
139        <meta-data
139-->[com.google.android.gms:play-services-basement:18.1.0] AndroidManifest.xml:21:9-23:69
140            android:name="com.google.android.gms.version"
140-->[com.google.android.gms:play-services-basement:18.1.0] AndroidManifest.xml:22:13-58
141            android:value="@integer/google_play_services_version" />
141-->[com.google.android.gms:play-services-basement:18.1.0] AndroidManifest.xml:23:13-66
142
143        <receiver
143-->[androidx.profileinstaller:profileinstaller:1.3.0] AndroidManifest.xml:34:9-52:20
144            android:name="androidx.profileinstaller.ProfileInstallReceiver"
144-->[androidx.profileinstaller:profileinstaller:1.3.0] AndroidManifest.xml:35:13-76
145            android:directBootAware="false"
145-->[androidx.profileinstaller:profileinstaller:1.3.0] AndroidManifest.xml:36:13-44
146            android:enabled="true"
146-->[androidx.profileinstaller:profileinstaller:1.3.0] AndroidManifest.xml:37:13-35
147            android:exported="true"
147-->[androidx.profileinstaller:profileinstaller:1.3.0] AndroidManifest.xml:38:13-36
148            android:permission="android.permission.DUMP" >
148-->[androidx.profileinstaller:profileinstaller:1.3.0] AndroidManifest.xml:39:13-57
149            <intent-filter>
149-->[androidx.profileinstaller:profileinstaller:1.3.0] AndroidManifest.xml:40:13-42:29
150                <action android:name="androidx.profileinstaller.action.INSTALL_PROFILE" />
150-->[androidx.profileinstaller:profileinstaller:1.3.0] AndroidManifest.xml:41:17-91
150-->[androidx.profileinstaller:profileinstaller:1.3.0] AndroidManifest.xml:41:25-88
151            </intent-filter>
152            <intent-filter>
152-->[androidx.profileinstaller:profileinstaller:1.3.0] AndroidManifest.xml:43:13-45:29
153                <action android:name="androidx.profileinstaller.action.SKIP_FILE" />
153-->[androidx.profileinstaller:profileinstaller:1.3.0] AndroidManifest.xml:44:17-85
153-->[androidx.profileinstaller:profileinstaller:1.3.0] AndroidManifest.xml:44:25-82
154            </intent-filter>
155            <intent-filter>
155-->[androidx.profileinstaller:profileinstaller:1.3.0] AndroidManifest.xml:46:13-48:29
156                <action android:name="androidx.profileinstaller.action.SAVE_PROFILE" />
156-->[androidx.profileinstaller:profileinstaller:1.3.0] AndroidManifest.xml:47:17-88
156-->[androidx.profileinstaller:profileinstaller:1.3.0] AndroidManifest.xml:47:25-85
157            </intent-filter>
158            <intent-filter>
158-->[androidx.profileinstaller:profileinstaller:1.3.0] AndroidManifest.xml:49:13-51:29
159                <action android:name="androidx.profileinstaller.action.BENCHMARK_OPERATION" />
159-->[androidx.profileinstaller:profileinstaller:1.3.0] AndroidManifest.xml:50:17-95
159-->[androidx.profileinstaller:profileinstaller:1.3.0] AndroidManifest.xml:50:25-92
160            </intent-filter>
161        </receiver>
162    </application>
163
164</manifest>